<?xml version="1.0" encoding="UTF-8"?>
<coverage generated="1773718426403" clover="3.2.0">
  <project timestamp="1773718426403" name="All files">
    <metrics statements="37" coveredstatements="37" conditionals="16" coveredconditionals="16" methods="13" coveredmethods="13" elements="66" coveredelements="66" complexity="0" loc="37" ncloc="37" packages="2" files="6" classes="6"/>
    <package name="components">
      <metrics statements="21" coveredstatements="21" conditionals="16" coveredconditionals="16" methods="11" coveredmethods="11"/>
      <file name="LoanForm.tsx" path="C:\Users\minh.tranquang\Desktop\test-lpbs\src\components\LoanForm.tsx">
        <metrics statements="17" coveredstatements="17" conditionals="4" coveredconditionals="4" methods="8" coveredmethods="8"/>
        <line num="11" count="1" type="stmt"/>
        <line num="16" count="38" type="cond" truecount="2" falsecount="0"/>
        <line num="17" count="30" type="stmt"/>
        <line num="20" count="38" type="cond" truecount="2" falsecount="0"/>
        <line num="21" count="30" type="stmt"/>
        <line num="32" count="1" type="stmt"/>
        <line num="45" count="1" type="stmt"/>
        <line num="53" count="26" type="stmt"/>
        <line num="64" count="26" type="stmt"/>
        <line num="65" count="1" type="stmt"/>
        <line num="66" count="1" type="stmt"/>
        <line num="69" count="26" type="stmt"/>
        <line num="86" count="56" type="stmt"/>
        <line num="93" count="23" type="stmt"/>
        <line num="94" count="23" type="stmt"/>
        <line num="109" count="36" type="stmt"/>
        <line num="130" count="38" type="stmt"/>
      </file>
      <file name="LoanResult.tsx" path="C:\Users\minh.tranquang\Desktop\test-lpbs\src\components\LoanResult.tsx">
        <metrics statements="2" coveredstatements="2" conditionals="4" coveredconditionals="4" methods="1" coveredmethods="1"/>
        <line num="6" count="1" type="stmt"/>
        <line num="7" count="3" type="stmt"/>
      </file>
      <file name="LoanTable.tsx" path="C:\Users\minh.tranquang\Desktop\test-lpbs\src\components\LoanTable.tsx">
        <metrics statements="2" coveredstatements="2" conditionals="8" coveredconditionals="8" methods="2" coveredmethods="2"/>
        <line num="18" count="4" type="stmt"/>
        <line num="50" count="6" type="stmt"/>
      </file>
    </package>
    <package name="ultils">
      <metrics statements="16" coveredstatements="16" conditionals="0" coveredconditionals="0" methods="2" coveredmethods="2"/>
      <file name="common.ts" path="C:\Users\minh.tranquang\Desktop\test-lpbs\src\ultils\common.ts">
        <metrics statements="1" coveredstatements="1" conditionals="0" coveredconditionals="0" methods="1" coveredmethods="1"/>
        <line num="2" count="35" type="stmt"/>
      </file>
      <file name="constanst.ts" path="C:\Users\minh.tranquang\Desktop\test-lpbs\src\ultils\constanst.ts">
        <metrics statements="1" coveredstatements="1" conditionals="0" coveredconditionals="0" methods="0" coveredmethods="0"/>
        <line num="1" count="1" type="stmt"/>
      </file>
      <file name="loan.ts" path="C:\Users\minh.tranquang\Desktop\test-lpbs\src\ultils\loan.ts">
        <metrics statements="14" coveredstatements="14" conditionals="0" coveredconditionals="0" methods="1" coveredmethods="1"/>
        <line num="16" count="4" type="stmt"/>
        <line num="17" count="4" type="stmt"/>
        <line num="19" count="4" type="stmt"/>
        <line num="20" count="4" type="stmt"/>
        <line num="21" count="4" type="stmt"/>
        <line num="23" count="4" type="stmt"/>
        <line num="25" count="4" type="stmt"/>
        <line num="27" count="19" type="stmt"/>
        <line num="28" count="19" type="stmt"/>
        <line num="30" count="19" type="stmt"/>
        <line num="31" count="19" type="stmt"/>
        <line num="33" count="19" type="stmt"/>
        <line num="35" count="19" type="stmt"/>
        <line num="44" count="4" type="stmt"/>
      </file>
    </package>
  </project>
</coverage>
