<?xml version="1.0" encoding="UTF-8"?>
<coverage generated="1773690682950" clover="3.2.0">
  <project timestamp="1773690682950" name="All files">
    <metrics statements="34" coveredstatements="28" conditionals="12" coveredconditionals="7" methods="12" coveredmethods="10" elements="58" coveredelements="45" complexity="0" loc="34" ncloc="34" packages="2" files="5" classes="5"/>
    <package name="components">
      <metrics statements="18" coveredstatements="12" conditionals="10" coveredconditionals="6" methods="10" coveredmethods="8"/>
      <file name="LoanForm.tsx" path="C:\Users\minht\Downloads\calculate-loan\src\components\LoanForm.tsx">
        <metrics statements="16" coveredstatements="10" conditionals="4" coveredconditionals="2" methods="8" coveredmethods="6"/>
        <line num="11" count="1" type="stmt"/>
        <line num="16" count="1" type="cond" truecount="1" falsecount="1"/>
        <line num="17" count="0" type="stmt"/>
        <line num="20" count="1" type="cond" truecount="1" falsecount="1"/>
        <line num="21" count="0" type="stmt"/>
        <line num="32" count="1" type="stmt"/>
        <line num="40" count="3" type="stmt"/>
        <line num="51" count="3" type="stmt"/>
        <line num="52" count="0" type="stmt"/>
        <line num="53" count="0" type="stmt"/>
        <line num="56" count="3" type="stmt"/>
        <line num="73" count="4" type="stmt"/>
        <line num="80" count="0" type="stmt"/>
        <line num="81" count="0" type="stmt"/>
        <line num="95" count="4" type="stmt"/>
        <line num="115" count="4" type="stmt"/>
      </file>
      <file name="LoanTable.tsx" path="C:\Users\minht\Downloads\calculate-loan\src\components\LoanTable.tsx">
        <metrics statements="2" coveredstatements="2" conditionals="6" coveredconditionals="4" methods="2" coveredmethods="2"/>
        <line num="18" count="1" type="stmt"/>
        <line num="41" count="1" type="stmt"/>
      </file>
    </package>
    <package name="ultils">
      <metrics statements="16" coveredstatements="16" conditionals="2" coveredconditionals="1" methods="2" coveredmethods="2"/>
      <file name="common.ts" path="C:\Users\minht\Downloads\calculate-loan\src\ultils\common.ts">
        <metrics statements="1" coveredstatements="1" conditionals="0" coveredconditionals="0" methods="1" coveredmethods="1"/>
        <line num="2" count="7" type="stmt"/>
      </file>
      <file name="constanst.ts" path="C:\Users\minht\Downloads\calculate-loan\src\ultils\constanst.ts">
        <metrics statements="1" coveredstatements="1" conditionals="0" coveredconditionals="0" methods="0" coveredmethods="0"/>
        <line num="1" count="1" type="stmt"/>
      </file>
      <file name="loan.ts" path="C:\Users\minht\Downloads\calculate-loan\src\ultils\loan.ts">
        <metrics statements="14" coveredstatements="14" conditionals="2" coveredconditionals="1" methods="1" coveredmethods="1"/>
        <line num="16" count="2" type="stmt"/>
        <line num="17" count="2" type="stmt"/>
        <line num="19" count="2" type="stmt"/>
        <line num="20" count="2" type="stmt"/>
        <line num="21" count="2" type="stmt"/>
        <line num="23" count="2" type="stmt"/>
        <line num="25" count="2" type="stmt"/>
        <line num="27" count="42" type="stmt"/>
        <line num="28" count="42" type="stmt"/>
        <line num="30" count="42" type="stmt"/>
        <line num="31" count="42" type="stmt"/>
        <line num="33" count="42" type="stmt"/>
        <line num="35" count="42" type="stmt"/>
        <line num="44" count="2" type="stmt"/>
      </file>
    </package>
  </project>
</coverage>
