{"C:\\Users\\minht\\Downloads\\calculate-loan\\src\\components\\LoanForm.tsx": {"path":"C:\\Users\\minht\\Downloads\\calculate-loan\\src\\components\\LoanForm.tsx","statementMap":{"0":{"start":{"line":11,"column":23},"end":{"line":30,"column":2}},"1":{"start":{"line":16,"column":6},"end":{"line":16,"column":null}},"2":{"start":{"line":16,"column":16},"end":{"line":16,"column":null}},"3":{"start":{"line":17,"column":6},"end":{"line":17,"column":null}},"4":{"start":{"line":20,"column":6},"end":{"line":20,"column":null}},"5":{"start":{"line":20,"column":16},"end":{"line":20,"column":null}},"6":{"start":{"line":21,"column":6},"end":{"line":21,"column":null}},"7":{"start":{"line":32,"column":6},"end":{"line":135,"column":null}},"8":{"start":{"line":40,"column":4},"end":{"line":49,"column":4}},"9":{"start":{"line":51,"column":19},"end":{"line":53,"column":null}},"10":{"start":{"line":52,"column":10},"end":{"line":52,"column":64}},"11":{"start":{"line":53,"column":4},"end":{"line":53,"column":null}},"12":{"start":{"line":56,"column":2},"end":{"line":135,"column":null}},"13":{"start":{"line":73,"column":12},"end":{"line":87,"column":null}},"14":{"start":{"line":80,"column":33},"end":{"line":80,"column":null}},"15":{"start":{"line":81,"column":16},"end":{"line":81,"column":null}},"16":{"start":{"line":95,"column":12},"end":{"line":107,"column":null}},"17":{"start":{"line":115,"column":12},"end":{"line":123,"column":null}}},"fnMap":{"0":{"name":"(anonymous_0)","decl":{"start":{"line":15,"column":5},"end":{"line":15,"column":13}},"loc":{"start":{"line":15,"column":21},"end":{"line":18,"column":40}},"line":15},"1":{"name":"(anonymous_1)","decl":{"start":{"line":19,"column":5},"end":{"line":19,"column":13}},"loc":{"start":{"line":19,"column":21},"end":{"line":22,"column":43}},"line":19},"2":{"name":"(anonymous_2)","decl":{"start":{"line":32,"column":6},"end":{"line":32,"column":18}},"loc":{"start":{"line":36,"column":6},"end":{"line":135,"column":null}},"line":36},"3":{"name":"(anonymous_3)","decl":{"start":{"line":51,"column":19},"end":{"line":51,"column":26}},"loc":{"start":{"line":51,"column":49},"end":{"line":53,"column":null}},"line":51},"4":{"name":"(anonymous_4)","decl":{"start":{"line":72,"column":10},"end":{"line":72,"column":19}},"loc":{"start":{"line":73,"column":12},"end":{"line":87,"column":null}},"line":73},"5":{"name":"(anonymous_5)","decl":{"start":{"line":79,"column":14},"end":{"line":79,"column":30}},"loc":{"start":{"line":79,"column":41},"end":{"line":81,"column":null}},"line":79},"6":{"name":"(anonymous_6)","decl":{"start":{"line":94,"column":10},"end":{"line":94,"column":19}},"loc":{"start":{"line":95,"column":12},"end":{"line":107,"column":null}},"line":95},"7":{"name":"(anonymous_7)","decl":{"start":{"line":114,"column":10},"end":{"line":114,"column":19}},"loc":{"start":{"line":115,"column":12},"end":{"line":123,"column":null}},"line":115}},"branchMap":{"0":{"loc":{"start":{"line":16,"column":6},"end":{"line":16,"column":null}},"type":"if","locations":[{"start":{"line":16,"column":6},"end":{"line":16,"column":null}},{"start":{},"end":{}}],"line":16},"1":{"loc":{"start":{"line":20,"column":6},"end":{"line":20,"column":null}},"type":"if","locations":[{"start":{"line":20,"column":6},"end":{"line":20,"column":null}},{"start":{},"end":{}}],"line":20}},"s":{"0":1,"1":1,"2":1,"3":0,"4":1,"5":1,"6":0,"7":1,"8":3,"9":3,"10":0,"11":0,"12":3,"13":4,"14":0,"15":0,"16":4,"17":4},"f":{"0":1,"1":1,"2":3,"3":0,"4":4,"5":0,"6":4,"7":4},"b":{"0":[1,0],"1":[1,0]},"meta":{"lastBranch":2,"lastFunction":8,"lastStatement":18,"seen":{"s:11:23:30:2":0,"f:15:5:15:13":0,"b:16:6:16:Infinity:undefined:undefined:undefined:undefined":0,"s:16:6:16:Infinity":1,"s:16:16:16:Infinity":2,"s:17:6:17:Infinity":3,"f:19:5:19:13":1,"b:20:6:20:Infinity:undefined:undefined:undefined:undefined":1,"s:20:6:20:Infinity":4,"s:20:16:20:Infinity":5,"s:21:6:21:Infinity":6,"s:32:6:135:Infinity":7,"f:32:6:32:18":2,"s:40:4:49:4":8,"s:51:19:53:Infinity":9,"f:51:19:51:26":3,"s:52:10:52:64":10,"s:53:4:53:Infinity":11,"s:56:2:135:Infinity":12,"f:72:10:72:19":4,"s:73:12:87:Infinity":13,"f:79:14:79:30":5,"s:80:33:80:Infinity":14,"s:81:16:81:Infinity":15,"f:94:10:94:19":6,"s:95:12:107:Infinity":16,"f:114:10:114:19":7,"s:115:12:123:Infinity":17}}}
,"C:\\Users\\minht\\Downloads\\calculate-loan\\src\\components\\LoanTable.tsx": {"path":"C:\\Users\\minht\\Downloads\\calculate-loan\\src\\components\\LoanTable.tsx","statementMap":{"0":{"start":{"line":18,"column":2},"end":{"line":71,"column":null}},"1":{"start":{"line":41,"column":16},"end":{"line":47,"column":null}}},"fnMap":{"0":{"name":"LoanTable","decl":{"start":{"line":13,"column":24},"end":{"line":13,"column":34}},"loc":{"start":{"line":17,"column":3},"end":{"line":71,"column":null}},"line":17},"1":{"name":"(anonymous_1)","decl":{"start":{"line":40,"column":25},"end":{"line":40,"column":30}},"loc":{"start":{"line":41,"column":16},"end":{"line":47,"column":null}},"line":41}},"branchMap":{"0":{"loc":{"start":{"line":39,"column":13},"end":{"line":47,"column":null}},"type":"binary-expr","locations":[{"start":{"line":39,"column":13},"end":{"line":39,"column":null}},{"start":{"line":40,"column":14},"end":{"line":47,"column":null}}],"line":39},"1":{"loc":{"start":{"line":59,"column":19},"end":{"line":59,"column":63}},"type":"cond-expr","locations":[{"start":{"line":59,"column":19},"end":{"line":59,"column":58}},{"start":{"line":59,"column":61},"end":{"line":59,"column":63}}],"line":59},"2":{"loc":{"start":{"line":64,"column":19},"end":{"line":64,"column":55}},"type":"cond-expr","locations":[{"start":{"line":64,"column":19},"end":{"line":64,"column":50}},{"start":{"line":64,"column":53},"end":{"line":64,"column":55}}],"line":64}},"s":{"0":1,"1":1},"f":{"0":1,"1":1},"b":{"0":[1,1],"1":[1,0],"2":[1,0]},"meta":{"lastBranch":3,"lastFunction":2,"lastStatement":2,"seen":{"f:13:24:13:34":0,"s:18:2:71:Infinity":0,"b:39:13:39:Infinity:40:14:47:Infinity":0,"f:40:25:40:30":1,"s:41:16:47:Infinity":1,"b:59:19:59:58:59:61:59:63":1,"b:64:19:64:50:64:53:64:55":2}}}
,"C:\\Users\\minht\\Downloads\\calculate-loan\\src\\ultils\\common.ts": {"path":"C:\\Users\\minht\\Downloads\\calculate-loan\\src\\ultils\\common.ts","statementMap":{"0":{"start":{"line":2,"column":2},"end":{"line":2,"column":null}}},"fnMap":{"0":{"name":"formatMoney","decl":{"start":{"line":1,"column":16},"end":{"line":1,"column":28}},"loc":{"start":{"line":1,"column":42},"end":{"line":2,"column":null}},"line":1}},"branchMap":{},"s":{"0":7},"f":{"0":7},"b":{},"meta":{"lastBranch":0,"lastFunction":1,"lastStatement":1,"seen":{"f:1:16:1:28":0,"s:2:2:2:Infinity":0}}}
,"C:\\Users\\minht\\Downloads\\calculate-loan\\src\\ultils\\constanst.ts": {"path":"C:\\Users\\minht\\Downloads\\calculate-loan\\src\\ultils\\constanst.ts","statementMap":{"0":{"start":{"line":1,"column":24},"end":{"line":1,"column":null}}},"fnMap":{},"branchMap":{},"s":{"0":1},"f":{},"b":{},"meta":{"lastBranch":0,"lastFunction":0,"lastStatement":1,"seen":{"s:1:24:1:Infinity":0}}}
,"C:\\Users\\minht\\Downloads\\calculate-loan\\src\\ultils\\loan.ts": {"path":"C:\\Users\\minht\\Downloads\\calculate-loan\\src\\ultils\\loan.ts","statementMap":{"0":{"start":{"line":16,"column":29},"end":{"line":16,"column":66}},"1":{"start":{"line":17,"column":24},"end":{"line":17,"column":72}},"2":{"start":{"line":19,"column":19},"end":{"line":19,"column":35}},"3":{"start":{"line":20,"column":27},"end":{"line":20,"column":43}},"4":{"start":{"line":21,"column":20},"end":{"line":21,"column":41}},"5":{"start":{"line":23,"column":30},"end":{"line":23,"column":32}},"6":{"start":{"line":25,"column":4},"end":{"line":41,"column":null}},"7":{"start":{"line":25,"column":17},"end":{"line":25,"column":20}},"8":{"start":{"line":27,"column":25},"end":{"line":27,"column":60}},"9":{"start":{"line":28,"column":24},"end":{"line":28,"column":55}},"10":{"start":{"line":30,"column":8},"end":{"line":30,"column":null}},"11":{"start":{"line":31,"column":8},"end":{"line":31,"column":null}},"12":{"start":{"line":33,"column":8},"end":{"line":33,"column":null}},"13":{"start":{"line":35,"column":8},"end":{"line":41,"column":null}},"14":{"start":{"line":44,"column":4},"end":{"line":48,"column":null}}},"fnMap":{"0":{"name":"calculateLoan","decl":{"start":{"line":10,"column":16},"end":{"line":10,"column":null}},"loc":{"start":{"line":14,"column":24},"end":{"line":48,"column":null}},"line":14}},"branchMap":{"0":{"loc":{"start":{"line":40,"column":23},"end":{"line":40,"column":null}},"type":"cond-expr","locations":[{"start":{"line":40,"column":49},"end":{"line":40,"column":53}},{"start":{"line":40,"column":53},"end":{"line":40,"column":null}}],"line":40}},"s":{"0":2,"1":2,"2":2,"3":2,"4":2,"5":2,"6":2,"7":2,"8":42,"9":42,"10":42,"11":42,"12":42,"13":42,"14":2},"f":{"0":2},"b":{"0":[0,42]},"meta":{"lastBranch":1,"lastFunction":1,"lastStatement":15,"seen":{"f:10:16:10:Infinity":0,"s:16:29:16:66":0,"s:17:24:17:72":1,"s:19:19:19:35":2,"s:20:27:20:43":3,"s:21:20:21:41":4,"s:23:30:23:32":5,"s:25:4:41:Infinity":6,"s:25:17:25:20":7,"s:27:25:27:60":8,"s:28:24:28:55":9,"s:30:8:30:Infinity":10,"s:31:8:31:Infinity":11,"s:33:8:33:Infinity":12,"s:35:8:41:Infinity":13,"b:40:49:40:53:40:53:40:Infinity":0,"s:44:4:48:Infinity":14}}}
}
