{"C:\\Users\\minh.tranquang\\Desktop\\test-lpbs\\src\\components\\LoanForm.tsx": {"path":"C:\\Users\\minh.tranquang\\Desktop\\test-lpbs\\src\\components\\LoanForm.tsx","statementMap":{"0":{"start":{"line":11,"column":23},"end":{"line":30,"column":2}},"1":{"start":{"line":16,"column":6},"end":{"line":16,"column":null}},"2":{"start":{"line":16,"column":16},"end":{"line":16,"column":null}},"3":{"start":{"line":17,"column":6},"end":{"line":17,"column":null}},"4":{"start":{"line":20,"column":6},"end":{"line":20,"column":null}},"5":{"start":{"line":20,"column":16},"end":{"line":20,"column":null}},"6":{"start":{"line":21,"column":6},"end":{"line":21,"column":null}},"7":{"start":{"line":32,"column":26},"end":{"line":43,"column":null}},"8":{"start":{"line":45,"column":6},"end":{"line":151,"column":null}},"9":{"start":{"line":53,"column":4},"end":{"line":62,"column":4}},"10":{"start":{"line":64,"column":19},"end":{"line":66,"column":null}},"11":{"start":{"line":65,"column":10},"end":{"line":65,"column":64}},"12":{"start":{"line":66,"column":4},"end":{"line":66,"column":null}},"13":{"start":{"line":69,"column":2},"end":{"line":151,"column":null}},"14":{"start":{"line":86,"column":12},"end":{"line":101,"column":null}},"15":{"start":{"line":93,"column":33},"end":{"line":93,"column":null}},"16":{"start":{"line":94,"column":16},"end":{"line":94,"column":null}},"17":{"start":{"line":109,"column":12},"end":{"line":122,"column":null}},"18":{"start":{"line":130,"column":12},"end":{"line":139,"column":null}}},"fnMap":{"0":{"name":"(anonymous_0)","decl":{"start":{"line":15,"column":5},"end":{"line":15,"column":13}},"loc":{"start":{"line":15,"column":21},"end":{"line":18,"column":40}},"line":15},"1":{"name":"(anonymous_1)","decl":{"start":{"line":19,"column":5},"end":{"line":19,"column":13}},"loc":{"start":{"line":19,"column":21},"end":{"line":22,"column":43}},"line":19},"2":{"name":"(anonymous_2)","decl":{"start":{"line":45,"column":6},"end":{"line":45,"column":18}},"loc":{"start":{"line":49,"column":6},"end":{"line":151,"column":null}},"line":49},"3":{"name":"(anonymous_3)","decl":{"start":{"line":64,"column":19},"end":{"line":64,"column":26}},"loc":{"start":{"line":64,"column":49},"end":{"line":66,"column":null}},"line":64},"4":{"name":"(anonymous_4)","decl":{"start":{"line":85,"column":10},"end":{"line":85,"column":19}},"loc":{"start":{"line":86,"column":12},"end":{"line":101,"column":null}},"line":86},"5":{"name":"(anonymous_5)","decl":{"start":{"line":92,"column":14},"end":{"line":92,"column":30}},"loc":{"start":{"line":92,"column":41},"end":{"line":94,"column":null}},"line":92},"6":{"name":"(anonymous_6)","decl":{"start":{"line":108,"column":10},"end":{"line":108,"column":19}},"loc":{"start":{"line":109,"column":12},"end":{"line":122,"column":null}},"line":109},"7":{"name":"(anonymous_7)","decl":{"start":{"line":129,"column":10},"end":{"line":129,"column":19}},"loc":{"start":{"line":130,"column":12},"end":{"line":139,"column":null}},"line":130}},"branchMap":{"0":{"loc":{"start":{"line":16,"column":6},"end":{"line":16,"column":null}},"type":"if","locations":[{"start":{"line":16,"column":6},"end":{"line":16,"column":null}},{"start":{},"end":{}}],"line":16},"1":{"loc":{"start":{"line":20,"column":6},"end":{"line":20,"column":null}},"type":"if","locations":[{"start":{"line":20,"column":6},"end":{"line":20,"column":null}},{"start":{},"end":{}}],"line":20}},"s":{"0":1,"1":38,"2":8,"3":30,"4":38,"5":8,"6":30,"7":1,"8":1,"9":26,"10":26,"11":1,"12":1,"13":26,"14":56,"15":23,"16":23,"17":36,"18":38},"f":{"0":38,"1":38,"2":26,"3":1,"4":56,"5":23,"6":36,"7":38},"b":{"0":[8,30],"1":[8,30]},"meta":{"lastBranch":2,"lastFunction":8,"lastStatement":19,"seen":{"s:11:23:30:2":0,"f:15:5:15:13":0,"b:16:6:16:Infinity:undefined:undefined:undefined:undefined":0,"s:16:6:16:Infinity":1,"s:16:16:16:Infinity":2,"s:17:6:17:Infinity":3,"f:19:5:19:13":1,"b:20:6:20:Infinity:undefined:undefined:undefined:undefined":1,"s:20:6:20:Infinity":4,"s:20:16:20:Infinity":5,"s:21:6:21:Infinity":6,"s:32:26:43:Infinity":7,"s:45:6:151:Infinity":8,"f:45:6:45:18":2,"s:53:4:62:4":9,"s:64:19:66:Infinity":10,"f:64:19:64:26":3,"s:65:10:65:64":11,"s:66:4:66:Infinity":12,"s:69:2:151:Infinity":13,"f:85:10:85:19":4,"s:86:12:101:Infinity":14,"f:92:14:92:30":5,"s:93:33:93:Infinity":15,"s:94:16:94:Infinity":16,"f:108:10:108:19":6,"s:109:12:122:Infinity":17,"f:129:10:129:19":7,"s:130:12:139:Infinity":18}}}
,"C:\\Users\\minh.tranquang\\Desktop\\test-lpbs\\src\\components\\LoanResult.tsx": {"path":"C:\\Users\\minh.tranquang\\Desktop\\test-lpbs\\src\\components\\LoanResult.tsx","statementMap":{"0":{"start":{"line":6,"column":6},"end":{"line":33,"column":null}},"1":{"start":{"line":7,"column":2},"end":{"line":33,"column":null}}},"fnMap":{"0":{"name":"(anonymous_0)","decl":{"start":{"line":6,"column":6},"end":{"line":6,"column":20}},"loc":{"start":{"line":6,"column":70},"end":{"line":33,"column":null}},"line":6}},"branchMap":{"0":{"loc":{"start":{"line":26,"column":13},"end":{"line":26,"column":57}},"type":"cond-expr","locations":[{"start":{"line":26,"column":13},"end":{"line":26,"column":52}},{"start":{"line":26,"column":55},"end":{"line":26,"column":57}}],"line":26},"1":{"loc":{"start":{"line":33,"column":13},"end":{"line":33,"column":49}},"type":"cond-expr","locations":[{"start":{"line":33,"column":13},"end":{"line":33,"column":44}},{"start":{"line":33,"column":47},"end":{"line":33,"column":49}}],"line":33}},"s":{"0":1,"1":3},"f":{"0":3},"b":{"0":[2,1],"1":[2,1]},"meta":{"lastBranch":2,"lastFunction":1,"lastStatement":2,"seen":{"s:6:6:33:Infinity":0,"f:6:6:6:20":0,"s:7:2:33:Infinity":1,"b:26:13:26:52:26:55:26:57":0,"b:33:13:33:44:33:47:33:49":1}}}
,"C:\\Users\\minh.tranquang\\Desktop\\test-lpbs\\src\\components\\LoanTable.tsx": {"path":"C:\\Users\\minh.tranquang\\Desktop\\test-lpbs\\src\\components\\LoanTable.tsx","statementMap":{"0":{"start":{"line":18,"column":2},"end":{"line":85,"column":null}},"1":{"start":{"line":50,"column":16},"end":{"line":61,"column":null}}},"fnMap":{"0":{"name":"LoanTable","decl":{"start":{"line":13,"column":24},"end":{"line":13,"column":34}},"loc":{"start":{"line":17,"column":3},"end":{"line":85,"column":null}},"line":17},"1":{"name":"(anonymous_1)","decl":{"start":{"line":49,"column":25},"end":{"line":49,"column":30}},"loc":{"start":{"line":50,"column":16},"end":{"line":61,"column":null}},"line":50}},"branchMap":{"0":{"loc":{"start":{"line":48,"column":13},"end":{"line":61,"column":null}},"type":"binary-expr","locations":[{"start":{"line":48,"column":13},"end":{"line":48,"column":null}},{"start":{"line":49,"column":14},"end":{"line":61,"column":null}}],"line":48},"1":{"loc":{"start":{"line":53,"column":37},"end":{"line":53,"column":null}},"type":"cond-expr","locations":[{"start":{"line":53,"column":54},"end":{"line":53,"column":63}},{"start":{"line":53,"column":63},"end":{"line":53,"column":null}}],"line":53},"2":{"loc":{"start":{"line":73,"column":19},"end":{"line":73,"column":63}},"type":"cond-expr","locations":[{"start":{"line":73,"column":19},"end":{"line":73,"column":58}},{"start":{"line":73,"column":61},"end":{"line":73,"column":63}}],"line":73},"3":{"loc":{"start":{"line":78,"column":19},"end":{"line":78,"column":55}},"type":"cond-expr","locations":[{"start":{"line":78,"column":19},"end":{"line":78,"column":50}},{"start":{"line":78,"column":53},"end":{"line":78,"column":55}}],"line":78}},"s":{"0":4,"1":6},"f":{"0":4,"1":6},"b":{"0":[4,3],"1":[3,3],"2":[3,1],"3":[3,1]},"meta":{"lastBranch":4,"lastFunction":2,"lastStatement":2,"seen":{"f:13:24:13:34":0,"s:18:2:85:Infinity":0,"b:48:13:48:Infinity:49:14:61:Infinity":0,"f:49:25:49:30":1,"s:50:16:61:Infinity":1,"b:53:54:53:63:53:63:53:Infinity":1,"b:73:19:73:58:73:61:73:63":2,"b:78:19:78:50:78:53:78:55":3}}}
,"C:\\Users\\minh.tranquang\\Desktop\\test-lpbs\\src\\ultils\\common.ts": {"path":"C:\\Users\\minh.tranquang\\Desktop\\test-lpbs\\src\\ultils\\common.ts","statementMap":{"0":{"start":{"line":2,"column":2},"end":{"line":2,"column":null}}},"fnMap":{"0":{"name":"formatMoney","decl":{"start":{"line":1,"column":16},"end":{"line":1,"column":28}},"loc":{"start":{"line":1,"column":42},"end":{"line":2,"column":null}},"line":1}},"branchMap":{},"s":{"0":35},"f":{"0":35},"b":{},"meta":{"lastBranch":0,"lastFunction":1,"lastStatement":1,"seen":{"f:1:16:1:28":0,"s:2:2:2:Infinity":0}}}
,"C:\\Users\\minh.tranquang\\Desktop\\test-lpbs\\src\\ultils\\constanst.ts": {"path":"C:\\Users\\minh.tranquang\\Desktop\\test-lpbs\\src\\ultils\\constanst.ts","statementMap":{"0":{"start":{"line":1,"column":24},"end":{"line":1,"column":null}}},"fnMap":{},"branchMap":{},"s":{"0":1},"f":{},"b":{},"meta":{"lastBranch":0,"lastFunction":0,"lastStatement":1,"seen":{"s:1:24:1:Infinity":0}}}
,"C:\\Users\\minh.tranquang\\Desktop\\test-lpbs\\src\\ultils\\loan.ts": {"path":"C:\\Users\\minh.tranquang\\Desktop\\test-lpbs\\src\\ultils\\loan.ts","statementMap":{"0":{"start":{"line":16,"column":29},"end":{"line":16,"column":66}},"1":{"start":{"line":17,"column":24},"end":{"line":17,"column":72}},"2":{"start":{"line":19,"column":19},"end":{"line":19,"column":35}},"3":{"start":{"line":20,"column":27},"end":{"line":20,"column":43}},"4":{"start":{"line":21,"column":20},"end":{"line":21,"column":41}},"5":{"start":{"line":23,"column":30},"end":{"line":23,"column":32}},"6":{"start":{"line":25,"column":4},"end":{"line":41,"column":null}},"7":{"start":{"line":25,"column":17},"end":{"line":25,"column":20}},"8":{"start":{"line":27,"column":25},"end":{"line":27,"column":60}},"9":{"start":{"line":28,"column":24},"end":{"line":28,"column":55}},"10":{"start":{"line":30,"column":8},"end":{"line":30,"column":null}},"11":{"start":{"line":31,"column":8},"end":{"line":31,"column":null}},"12":{"start":{"line":33,"column":8},"end":{"line":33,"column":null}},"13":{"start":{"line":35,"column":8},"end":{"line":41,"column":null}},"14":{"start":{"line":44,"column":4},"end":{"line":48,"column":null}}},"fnMap":{"0":{"name":"calculateLoan","decl":{"start":{"line":10,"column":16},"end":{"line":10,"column":null}},"loc":{"start":{"line":14,"column":24},"end":{"line":48,"column":null}},"line":14}},"branchMap":{},"s":{"0":4,"1":4,"2":4,"3":4,"4":4,"5":4,"6":4,"7":4,"8":19,"9":19,"10":19,"11":19,"12":19,"13":19,"14":4},"f":{"0":4},"b":{},"meta":{"lastBranch":0,"lastFunction":1,"lastStatement":15,"seen":{"f:10:16:10:Infinity":0,"s:16:29:16:66":0,"s:17:24:17:72":1,"s:19:19:19:35":2,"s:20:27:20:43":3,"s:21:20:21:41":4,"s:23:30:23:32":5,"s:25:4:41:Infinity":6,"s:25:17:25:20":7,"s:27:25:27:60":8,"s:28:24:28:55":9,"s:30:8:30:Infinity":10,"s:31:8:31:Infinity":11,"s:33:8:33:Infinity":12,"s:35:8:41:Infinity":13,"s:44:4:48:Infinity":14}}}
}
